<component name="libraryTable">
  <library name="junit-3.8.2">
    <CLASSES>
      <root url="jar://$PROJECT_DIR$/lib/junit-3.8.2.jar!/" />
      <root url="jar://$PROJECT_DIR$/lib/junit-4.8.2.jar!/" />
    </CLASSES>
    <JAVADOC />
    <SOURCES />
  </library>
</component>